{"/Users/chen16s/finalproject/APPLYS/APPLYS/backend/server.js": {"path":"/Users/chen16s/finalproject/APPLYS/APPLYS/backend/server.js","statementMap":{"0":{"start":{"line":1,"column":16},"end":{"line":1,"column":34}},"1":{"start":{"line":2,"column":12},"end":{"line":2,"column":21}},"2":{"start":{"line":3,"column":19},"end":{"line":3,"column":41}},"3":{"start":{"line":4,"column":13},"end":{"line":4,"column":28}},"4":{"start":{"line":5,"column":17},"end":{"line":5,"column":36}},"5":{"start":{"line":6,"column":13},"end":{"line":6,"column":17}},"6":{"start":{"line":7,"column":0},"end":{"line":7,"column":16}},"7":{"start":{"line":8,"column":0},"end":{"line":8,"column":27}},"8":{"start":{"line":9,"column":16},"end":{"line":9,"column":107}},"9":{"start":{"line":10,"column":0},"end":{"line":10,"column":53}},"10":{"start":{"line":11,"column":19},"end":{"line":11,"column":38}},"11":{"start":{"line":12,"column":0},"end":{"line":14,"column":2}},"12":{"start":{"line":13,"column":4},"end":{"line":13,"column":72}},"13":{"start":{"line":16,"column":20},"end":{"line":16,"column":45}},"14":{"start":{"line":19,"column":0},"end":{"line":19,"column":31}},"15":{"start":{"line":21,"column":0},"end":{"line":23,"column":3}},"16":{"start":{"line":22,"column":4},"end":{"line":22,"column":54}}},"fnMap":{"0":{"name":"(anonymous_0)","decl":{"start":{"line":12,"column":24},"end":{"line":12,"column":25}},"loc":{"start":{"line":12,"column":35},"end":{"line":14,"column":1}},"line":12},"1":{"name":"(anonymous_1)","decl":{"start":{"line":21,"column":17},"end":{"line":21,"column":18}},"loc":{"start":{"line":21,"column":28},"end":{"line":23,"column":1}},"line":21}},"branchMap":{},"s":{"0":1,"1":1,"2":1,"3":1,"4":1,"5":1,"6":1,"7":1,"8":1,"9":1,"10":1,"11":1,"12":1,"13":1,"14":1,"15":1,"16":1},"f":{"0":1,"1":1},"b":{},"_coverageSchema":"43e27e138ebf9cfc5966b082cf9a028302ed4184","hash":"5bcdea0b72909e5f281283a8cdd6b577505f5056"}
,"/Users/chen16s/finalproject/APPLYS/APPLYS/backend/models/user.model.js": {"path":"/Users/chen16s/finalproject/APPLYS/APPLYS/backend/models/user.model.js","statementMap":{"0":{"start":{"line":1,"column":17},"end":{"line":1,"column":36}},"1":{"start":{"line":2,"column":15},"end":{"line":2,"column":32}},"2":{"start":{"line":3,"column":15},"end":{"line":3,"column":30}},"3":{"start":{"line":5,"column":11},"end":{"line":5,"column":49}},"4":{"start":{"line":6,"column":12},"end":{"line":6,"column":67}},"5":{"start":{"line":8,"column":19},"end":{"line":18,"column":2}},"6":{"start":{"line":19,"column":0},"end":{"line":21,"column":4}},"7":{"start":{"line":20,"column":4},"end":{"line":20,"column":66}},"8":{"start":{"line":22,"column":2},"end":{"line":24,"column":4}},"9":{"start":{"line":23,"column":4},"end":{"line":23,"column":55}},"10":{"start":{"line":26,"column":13},"end":{"line":26,"column":47}},"11":{"start":{"line":28,"column":0},"end":{"line":28,"column":22}}},"fnMap":{"0":{"name":"(anonymous_0)","decl":{"start":{"line":19,"column":34},"end":{"line":19,"column":35}},"loc":{"start":{"line":19,"column":53},"end":{"line":21,"column":3}},"line":19},"1":{"name":"(anonymous_1)","decl":{"start":{"line":22,"column":37},"end":{"line":22,"column":38}},"loc":{"start":{"line":22,"column":56},"end":{"line":24,"column":3}},"line":22}},"branchMap":{},"s":{"0":1,"1":1,"2":1,"3":1,"4":1,"5":1,"6":1,"7":0,"8":1,"9":0,"10":1,"11":1},"f":{"0":0,"1":0},"b":{},"_coverageSchema":"43e27e138ebf9cfc5966b082cf9a028302ed4184","hash":"1374827d19790e66b88de9bb834e369894289dd5"}
,"/Users/chen16s/finalproject/APPLYS/APPLYS/backend/routes/users.js": {"path":"/Users/chen16s/finalproject/APPLYS/APPLYS/backend/routes/users.js","statementMap":{"0":{"start":{"line":1,"column":15},"end":{"line":1,"column":42}},"1":{"start":{"line":2,"column":11},"end":{"line":2,"column":45}},"2":{"start":{"line":4,"column":0},"end":{"line":8,"column":3}},"3":{"start":{"line":5,"column":2},"end":{"line":7,"column":57}},"4":{"start":{"line":6,"column":19},"end":{"line":6,"column":34}},"5":{"start":{"line":7,"column":18},"end":{"line":7,"column":55}},"6":{"start":{"line":10,"column":0},"end":{"line":83,"column":3}},"7":{"start":{"line":11,"column":2},"end":{"line":11,"column":23}},"8":{"start":{"line":13,"column":19},"end":{"line":13,"column":22}},"9":{"start":{"line":16,"column":6},"end":{"line":16,"column":10}},"10":{"start":{"line":19,"column":6},"end":{"line":19,"column":10}},"11":{"start":{"line":21,"column":2},"end":{"line":21,"column":21}},"12":{"start":{"line":22,"column":2},"end":{"line":27,"column":3}},"13":{"start":{"line":23,"column":4},"end":{"line":26,"column":7}},"14":{"start":{"line":28,"column":2},"end":{"line":33,"column":3}},"15":{"start":{"line":29,"column":4},"end":{"line":32,"column":7}},"16":{"start":{"line":35,"column":2},"end":{"line":35,"column":30}},"17":{"start":{"line":36,"column":2},"end":{"line":36,"column":23}},"18":{"start":{"line":41,"column":2},"end":{"line":73,"column":5}},"19":{"start":{"line":44,"column":4},"end":{"line":54,"column":5}},"20":{"start":{"line":45,"column":6},"end":{"line":48,"column":9}},"21":{"start":{"line":49,"column":11},"end":{"line":54,"column":5}},"22":{"start":{"line":50,"column":6},"end":{"line":53,"column":9}},"23":{"start":{"line":57,"column":20},"end":{"line":57,"column":30}},"24":{"start":{"line":59,"column":4},"end":{"line":59,"column":26}},"25":{"start":{"line":60,"column":4},"end":{"line":60,"column":54}},"26":{"start":{"line":61,"column":4},"end":{"line":72,"column":7}},"27":{"start":{"line":62,"column":6},"end":{"line":67,"column":7}},"28":{"start":{"line":63,"column":8},"end":{"line":66,"column":11}},"29":{"start":{"line":68,"column":6},"end":{"line":71,"column":9}},"30":{"start":{"line":88,"column":0},"end":{"line":88,"column":24}}},"fnMap":{"0":{"name":"(anonymous_0)","decl":{"start":{"line":4,"column":22},"end":{"line":4,"column":23}},"loc":{"start":{"line":4,"column":36},"end":{"line":8,"column":1}},"line":4},"1":{"name":"(anonymous_1)","decl":{"start":{"line":6,"column":10},"end":{"line":6,"column":11}},"loc":{"start":{"line":6,"column":19},"end":{"line":6,"column":34}},"line":6},"2":{"name":"(anonymous_2)","decl":{"start":{"line":7,"column":11},"end":{"line":7,"column":12}},"loc":{"start":{"line":7,"column":18},"end":{"line":7,"column":55}},"line":7},"3":{"name":"(anonymous_3)","decl":{"start":{"line":10,"column":26},"end":{"line":10,"column":27}},"loc":{"start":{"line":10,"column":40},"end":{"line":83,"column":1}},"line":10},"4":{"name":"(anonymous_4)","decl":{"start":{"line":43,"column":5},"end":{"line":43,"column":6}},"loc":{"start":{"line":43,"column":29},"end":{"line":73,"column":3}},"line":43},"5":{"name":"(anonymous_5)","decl":{"start":{"line":61,"column":17},"end":{"line":61,"column":18}},"loc":{"start":{"line":61,"column":32},"end":{"line":72,"column":5}},"line":61}},"branchMap":{"0":{"loc":{"start":{"line":22,"column":2},"end":{"line":27,"column":3}},"type":"if","locations":[{"start":{"line":22,"column":2},"end":{"line":27,"column":3}},{"start":{"line":22,"column":2},"end":{"line":27,"column":3}}],"line":22},"1":{"loc":{"start":{"line":28,"column":2},"end":{"line":33,"column":3}},"type":"if","locations":[{"start":{"line":28,"column":2},"end":{"line":33,"column":3}},{"start":{"line":28,"column":2},"end":{"line":33,"column":3}}],"line":28},"2":{"loc":{"start":{"line":44,"column":4},"end":{"line":54,"column":5}},"type":"if","locations":[{"start":{"line":44,"column":4},"end":{"line":54,"column":5}},{"start":{"line":44,"column":4},"end":{"line":54,"column":5}}],"line":44},"3":{"loc":{"start":{"line":49,"column":11},"end":{"line":54,"column":5}},"type":"if","locations":[{"start":{"line":49,"column":11},"end":{"line":54,"column":5}},{"start":{"line":49,"column":11},"end":{"line":54,"column":5}}],"line":49},"4":{"loc":{"start":{"line":62,"column":6},"end":{"line":67,"column":7}},"type":"if","locations":[{"start":{"line":62,"column":6},"end":{"line":67,"column":7}},{"start":{"line":62,"column":6},"end":{"line":67,"column":7}}],"line":62}},"s":{"0":1,"1":1,"2":1,"3":0,"4":0,"5":0,"6":1,"7":0,"8":0,"9":0,"10":0,"11":0,"12":0,"13":0,"14":0,"15":0,"16":0,"17":0,"18":0,"19":0,"20":0,"21":0,"22":0,"23":0,"24":0,"25":0,"26":0,"27":0,"28":0,"29":0,"30":1},"f":{"0":0,"1":0,"2":0,"3":0,"4":0,"5":0},"b":{"0":[0,0],"1":[0,0],"2":[0,0],"3":[0,0],"4":[0,0]},"_coverageSchema":"43e27e138ebf9cfc5966b082cf9a028302ed4184","hash":"cdb1c5420f4d30cac223a126ec95da4f1a9a68c3"}
,"/Users/chen16s/finalproject/APPLYS/APPLYS/screens/sum.js": {"path":"/Users/chen16s/finalproject/APPLYS/APPLYS/screens/sum.js","statementMap":{"0":{"start":{"line":2,"column":4},"end":{"line":2,"column":17}},"1":{"start":{"line":4,"column":2},"end":{"line":4,"column":23}}},"fnMap":{"0":{"name":"sum","decl":{"start":{"line":1,"column":9},"end":{"line":1,"column":12}},"loc":{"start":{"line":1,"column":19},"end":{"line":3,"column":3}},"line":1}},"branchMap":{},"s":{"0":1,"1":1},"f":{"0":1},"b":{},"_coverageSchema":"43e27e138ebf9cfc5966b082cf9a028302ed4184","hash":"641726428ff81f3821511fd39fcd4903d4ef02e1"}
}
